<?xml version="1.0" encoding="UTF-8"?>
<!-- Generated by org.testng.reporters.JUnitReportReporter -->
<testsuite hostname="PUNITP339914D" name="jenkins_package.Demo_Jenkins_Job" tests="1" failures="0" timestamp="3 Jun 2016 10:31:07 GMT" time="0.052" errors="0">
  <testcase name="testjenkins" time="0.052" classname="jenkins_package.Demo_Jenkins_Job"/>
</testsuite> <!-- jenkins_package.Demo_Jenkins_Job -->
